00:00:00.004109 main     VirtualBox XPCOM Server 6.0.4 r128164 linux.amd64 (Jan 28 2019 15:36:33) release log
00:00:00.004111 main     Log opened 2019-02-28T20:15:40.039531000Z
00:00:00.004112 main     Build Type: release
00:00:00.004113 main     OS Product: Linux
00:00:00.004114 main     OS Release: 4.20.12-arch1-1-ARCH
00:00:00.004115 main     OS Version: #1 SMP PREEMPT Sat Feb 23 15:11:34 UTC 2019
00:00:00.004131 main     DMI Product Name: 20FMS44T00
00:00:00.004139 main     DMI Product Version: ThinkPad T460
00:00:00.004166 main     Host RAM: 7831MB (7.6GB) total, 7546MB (7.3GB) available
00:00:00.004169 main     Executable: /usr/lib/virtualbox/VBoxSVC
00:00:00.004169 main     Process ID: 3248
00:00:00.004170 main     Package type: LINUX_64BITS_GENERIC (OSE)
00:00:00.005665 main     IPC socket path: /tmp/.vbox-mogwai-ipc/ipcd
00:00:00.118662 nspr-2   VirtualBox: object creation starts
00:00:00.119937 nspr-2   Home directory: '/home/mogwai/.config/VirtualBox'
00:00:00.120657 nspr-2   Loading settings file "/home/mogwai/.config/VirtualBox/VirtualBox.xml" with version "1.12-linux"
00:00:00.135191 nspr-2   Failed to retrive disk info: getDiskName(/dev/mapper/VolGroup-lvroot) --> VolGroup-lvroot
00:00:00.159729 nspr-2   NetIfAdpCtlOut: VBoxNetAdpCtl: Error while retrieving link speed for wlp4s0: VBoxNetAdpCtl: ioctl failed: Operation not supported
00:00:00.161144 nspr-2   NAT: resolv.conf: nameserver 172.16.1.253
00:00:00.161180 nspr-2   HostDnsMonitor::updateInfo
00:00:00.161208 nspr-2   HostDnsMonitor: old information
00:00:00.161214 nspr-2     no server entries
00:00:00.161220 nspr-2     no domain set
00:00:00.161226 nspr-2     no search string entries
00:00:00.161231 nspr-2   HostDnsMonitor: new information
00:00:00.161237 nspr-2     server 1: 172.16.1.253
00:00:00.161243 nspr-2     no domain set
00:00:00.161249 nspr-2     no search string entries
00:00:00.166715 nspr-2   Failed to open "/dev/vboxdrvu", errno=2, rc=VERR_VM_DRIVER_NOT_INSTALLED
00:00:00.169094 nspr-2   VD: VDInit finished with VINF_SUCCESS
00:00:00.171262 nspr-2   ERROR [COM]: aRC=NS_ERROR_FAILURE (0x80004005) aIID={d55176e5-6730-4e9e-fc1f-a59b1f44f78f} aComponent={SystemPropertiesWrap} aText={Cannot determine default Guest Additions ISO location. Most likely they are not available}, preserve=false aResultDetail=0
00:00:00.187498 nspr-2   Loading settings file "/home/mogwai/VirtualBox/TempleOS/TempleOS.vbox" with version "1.15-linux"
00:00:00.189021 nspr-2   Loading settings file "/home/mogwai/VirtualBox/Skylab/Skylab.vbox" with version "1.16-linux"
00:00:00.190698 nspr-2   Loading settings file "/home/mogwai/VirtualBox/Skylab Clone/Skylab Clone.vbox" with version "1.16-linux"
00:00:00.193441 nspr-2   Loading settings file "/home/mogwai/VirtualBox/Arch/Arch.vbox" with version "1.16-linux"
00:00:00.194828 nspr-2   VirtualBox: object created
00:00:00.738763 nspr-5   WARNING [COM]: aRC=NS_ERROR_FAILURE (0x80004005) aIID={dbe11e5f-7f10-46e7-94c4-1e95bf4b6627} aComponent={HostWrap} aText={VirtualBox is not currently allowed to access USB devices.  You can change this by adding your user to the 'vboxusers' group.  Please see the user manual for a more detailed explanation}, preserve=true  aResultDetail=0
00:00:00.793804 nspr-2   Failed to open "/dev/vboxdrvu", errno=2, rc=VERR_VM_DRIVER_NOT_INSTALLED
00:00:00.873904 nspr-5   WARNING [COM]: aRC=NS_ERROR_FAILURE (0x80004005) aIID={dbe11e5f-7f10-46e7-94c4-1e95bf4b6627} aComponent={HostWrap} aText={VirtualBox is not currently allowed to access USB devices.  You can change this by adding your user to the 'vboxusers' group.  Please see the user manual for a more detailed explanation}, preserve=true  aResultDetail=0
00:00:00.875694 nspr-2   WARNING [COM]: aRC=NS_ERROR_FAILURE (0x80004005) aIID={dbe11e5f-7f10-46e7-94c4-1e95bf4b6627} aComponent={HostWrap} aText={VirtualBox is not currently allowed to access USB devices.  You can change this by adding your user to the 'vboxusers' group.  Please see the user manual for a more detailed explanation}, preserve=true  aResultDetail=0
00:00:05.875159 nspr-2   Saving settings file "/home/mogwai/.config/VirtualBox/VirtualBox.xml" with version "1.12-linux"
00:00:05.887952 nspr-5   Saving settings file "/home/mogwai/.config/VirtualBox/VirtualBox.xml" with version "1.12-linux"
00:00:47.874595 nspr-3   Failed to open "/dev/vboxdrvu", errno=2, rc=VERR_VM_DRIVER_NOT_INSTALLED
00:00:47.876626 nspr-5   Failed to open "/dev/vboxdrvu", errno=2, rc=VERR_VM_DRIVER_NOT_INSTALLED
00:00:47.998521 nspr-2   Failed to open "/dev/vboxdrvu", errno=2, rc=VERR_VM_DRIVER_NOT_INSTALLED
00:00:48.015624 nspr-5   WARNING [COM]: aRC=NS_ERROR_FAILURE (0x80004005) aIID={dbe11e5f-7f10-46e7-94c4-1e95bf4b6627} aComponent={HostWrap} aText={VirtualBox is not currently allowed to access USB devices.  You can change this by adding your user to the 'vboxusers' group.  Please see the user manual for a more detailed explanation}, preserve=true  aResultDetail=0
00:00:48.016572 nspr-3   WARNING [COM]: aRC=NS_ERROR_FAILURE (0x80004005) aIID={dbe11e5f-7f10-46e7-94c4-1e95bf4b6627} aComponent={HostWrap} aText={VirtualBox is not currently allowed to access USB devices.  You can change this by adding your user to the 'vboxusers' group.  Please see the user manual for a more detailed explanation}, preserve=true  aResultDetail=0
00:01:12.221002 createBase Saving settings file "/home/mogwai/.config/VirtualBox/VirtualBox.xml" with version "1.12-linux"
00:01:12.759762 nspr-5   Saving settings file "/home/mogwai/VirtualBox/debian/debian.vbox" with version "1.16-linux"
00:01:12.772985 nspr-2   WARNING [COM]: aRC=NS_ERROR_FAILURE (0x80004005) aIID={dbe11e5f-7f10-46e7-94c4-1e95bf4b6627} aComponent={HostWrap} aText={VirtualBox is not currently allowed to access USB devices.  You can change this by adding your user to the 'vboxusers' group.  Please see the user manual for a more detailed explanation}, preserve=true  aResultDetail=0
00:01:12.783295 nspr-3   Saving settings file "/home/mogwai/VirtualBox/debian/debian.vbox" with version "1.16-linux"
00:01:12.788417 nspr-3   Saving settings file "/home/mogwai/.config/VirtualBox/VirtualBox.xml" with version "1.12-linux"
00:01:12.801131 nspr-5   Saving settings file "/home/mogwai/.config/VirtualBox/VirtualBox.xml" with version "1.12-linux"
00:01:12.806756 nspr-5   Saving settings file "/home/mogwai/VirtualBox/debian/debian.vbox" with version "1.16-linux"
00:01:12.831226 nspr-2   ERROR [COM]: aRC=NS_ERROR_FAILURE (0x80004005) aIID={5047460a-265d-4538-b23e-ddba5fb84976} aComponent={MachineWrap} aText={This machine does not have any snapshots}, preserve=false aResultDetail=0
00:01:12.847914 nspr-3   WARNING [COM]: aRC=NS_ERROR_FAILURE (0x80004005) aIID={dbe11e5f-7f10-46e7-94c4-1e95bf4b6627} aComponent={HostWrap} aText={VirtualBox is not currently allowed to access USB devices.  You can change this by adding your user to the 'vboxusers' group.  Please see the user manual for a more detailed explanation}, preserve=true  aResultDetail=0
00:01:12.866704 nspr-5   Failed to open "/dev/vboxdrvu", errno=2, rc=VERR_VM_DRIVER_NOT_INSTALLED
00:01:12.887960 nspr-2   WARNING [COM]: aRC=NS_ERROR_FAILURE (0x80004005) aIID={dbe11e5f-7f10-46e7-94c4-1e95bf4b6627} aComponent={HostWrap} aText={VirtualBox is not currently allowed to access USB devices.  You can change this by adding your user to the 'vboxusers' group.  Please see the user manual for a more detailed explanation}, preserve=true  aResultDetail=0
00:01:12.888934 nspr-3   WARNING [COM]: aRC=NS_ERROR_FAILURE (0x80004005) aIID={dbe11e5f-7f10-46e7-94c4-1e95bf4b6627} aComponent={HostWrap} aText={VirtualBox is not currently allowed to access USB devices.  You can change this by adding your user to the 'vboxusers' group.  Please see the user manual for a more detailed explanation}, preserve=true  aResultDetail=0
00:01:15.553639 nspr-2   Failed to open "/dev/vboxdrvu", errno=2, rc=VERR_VM_DRIVER_NOT_INSTALLED
00:01:15.555872 nspr-5   Failed to open "/dev/vboxdrvu", errno=2, rc=VERR_VM_DRIVER_NOT_INSTALLED
00:01:15.678153 nspr-5   Failed to open "/dev/vboxdrvu", errno=2, rc=VERR_VM_DRIVER_NOT_INSTALLED
00:01:15.695016 nspr-2   WARNING [COM]: aRC=NS_ERROR_FAILURE (0x80004005) aIID={dbe11e5f-7f10-46e7-94c4-1e95bf4b6627} aComponent={HostWrap} aText={VirtualBox is not currently allowed to access USB devices.  You can change this by adding your user to the 'vboxusers' group.  Please see the user manual for a more detailed explanation}, preserve=true  aResultDetail=0
00:01:15.695982 nspr-3   WARNING [COM]: aRC=NS_ERROR_FAILURE (0x80004005) aIID={dbe11e5f-7f10-46e7-94c4-1e95bf4b6627} aComponent={HostWrap} aText={VirtualBox is not currently allowed to access USB devices.  You can change this by adding your user to the 'vboxusers' group.  Please see the user manual for a more detailed explanation}, preserve=true  aResultDetail=0
00:01:23.291732 nspr-2   Failed to open "/dev/vboxdrvu", errno=2, rc=VERR_VM_DRIVER_NOT_INSTALLED
00:01:23.398789 nspr-5   WARNING [COM]: aRC=NS_ERROR_FAILURE (0x80004005) aIID={dbe11e5f-7f10-46e7-94c4-1e95bf4b6627} aComponent={HostWrap} aText={VirtualBox is not currently allowed to access USB devices.  You can change this by adding your user to the 'vboxusers' group.  Please see the user manual for a more detailed explanation}, preserve=true  aResultDetail=0
00:01:23.690815 nspr-3   Failed to open "/dev/vboxdrvu", errno=2, rc=VERR_VM_DRIVER_NOT_INSTALLED
00:01:23.690920 nspr-2   Failed to open "/dev/vboxdrvu", errno=2, rc=VERR_VM_DRIVER_NOT_INSTALLED
00:01:23.691019 nspr-5   Failed to open "/dev/vboxdrvu", errno=2, rc=VERR_VM_DRIVER_NOT_INSTALLED
00:01:23.708712 nspr-2   NetIfAdpCtlOut: VBoxNetAdpCtl: Error while retrieving link speed for wlp4s0: VBoxNetAdpCtl: ioctl failed: Operation not supported
00:01:23.722765 nspr-3   NetIfAdpCtlOut: VBoxNetAdpCtl: Error while retrieving link speed for wlp4s0: VBoxNetAdpCtl: ioctl failed: Operation not supported
00:01:23.735404 nspr-3   WARNING [COM]: aRC=NS_ERROR_FAILURE (0x80004005) aIID={dbe11e5f-7f10-46e7-94c4-1e95bf4b6627} aComponent={HostWrap} aText={VirtualBox is not currently allowed to access USB devices.  You can change this by adding your user to the 'vboxusers' group.  Please see the user manual for a more detailed explanation}, preserve=true  aResultDetail=0
00:01:23.735860 nspr-5   WARNING [COM]: aRC=NS_ERROR_FAILURE (0x80004005) aIID={dbe11e5f-7f10-46e7-94c4-1e95bf4b6627} aComponent={HostWrap} aText={VirtualBox is not currently allowed to access USB devices.  You can change this by adding your user to the 'vboxusers' group.  Please see the user manual for a more detailed explanation}, preserve=true  aResultDetail=0
00:01:23.843136 nspr-2   Failed to open "/dev/vboxdrvu", errno=2, rc=VERR_VM_DRIVER_NOT_INSTALLED
00:01:23.860529 nspr-3   WARNING [COM]: aRC=NS_ERROR_FAILURE (0x80004005) aIID={dbe11e5f-7f10-46e7-94c4-1e95bf4b6627} aComponent={HostWrap} aText={VirtualBox is not currently allowed to access USB devices.  You can change this by adding your user to the 'vboxusers' group.  Please see the user manual for a more detailed explanation}, preserve=true  aResultDetail=0
00:01:23.861624 nspr-2   WARNING [COM]: aRC=NS_ERROR_FAILURE (0x80004005) aIID={dbe11e5f-7f10-46e7-94c4-1e95bf4b6627} aComponent={HostWrap} aText={VirtualBox is not currently allowed to access USB devices.  You can change this by adding your user to the 'vboxusers' group.  Please see the user manual for a more detailed explanation}, preserve=true  aResultDetail=0
00:01:37.690521 nspr-4   ERROR [COM]: aRC=VBOX_E_OBJECT_NOT_FOUND (0x80bb0001) aIID={5047460a-265d-4538-b23e-ddba5fb84976} aComponent={SessionMachine} aText={No storage device attached to device slot 0 on port 0 of controller 'IDE'}, preserve=false aResultDetail=0
00:01:37.732491 nspr-2   WARNING [COM]: aRC=NS_ERROR_FAILURE (0x80004005) aIID={dbe11e5f-7f10-46e7-94c4-1e95bf4b6627} aComponent={HostWrap} aText={VirtualBox is not currently allowed to access USB devices.  You can change this by adding your user to the 'vboxusers' group.  Please see the user manual for a more detailed explanation}, preserve=true  aResultDetail=0
00:01:37.735020 nspr-4   Saving settings file "/home/mogwai/VirtualBox/debian/debian.vbox" with version "1.16-linux"
00:01:37.743743 nspr-3   Saving settings file "/home/mogwai/VirtualBox/debian/debian.vbox" with version "1.16-linux"
00:01:37.791179 nspr-3   Failed to open "/dev/vboxdrvu", errno=2, rc=VERR_VM_DRIVER_NOT_INSTALLED
00:01:37.814982 nspr-2   WARNING [COM]: aRC=NS_ERROR_FAILURE (0x80004005) aIID={dbe11e5f-7f10-46e7-94c4-1e95bf4b6627} aComponent={HostWrap} aText={VirtualBox is not currently allowed to access USB devices.  You can change this by adding your user to the 'vboxusers' group.  Please see the user manual for a more detailed explanation}, preserve=true  aResultDetail=0
00:01:37.815996 nspr-3   WARNING [COM]: aRC=NS_ERROR_FAILURE (0x80004005) aIID={dbe11e5f-7f10-46e7-94c4-1e95bf4b6627} aComponent={HostWrap} aText={VirtualBox is not currently allowed to access USB devices.  You can change this by adding your user to the 'vboxusers' group.  Please see the user manual for a more detailed explanation}, preserve=true  aResultDetail=0
00:01:40.198889 nspr-4   Failed to open "/dev/vboxdrvu", errno=2, rc=VERR_VM_DRIVER_NOT_INSTALLED
00:01:40.217976 nspr-4   WARNING [COM]: aRC=NS_ERROR_FAILURE (0x80004005) aIID={dbe11e5f-7f10-46e7-94c4-1e95bf4b6627} aComponent={HostWrap} aText={VirtualBox is not currently allowed to access USB devices.  You can change this by adding your user to the 'vboxusers' group.  Please see the user manual for a more detailed explanation}, preserve=true  aResultDetail=0
00:01:40.219712 nspr-4   WARNING [COM]: aRC=NS_ERROR_FAILURE (0x80004005) aIID={dbe11e5f-7f10-46e7-94c4-1e95bf4b6627} aComponent={HostWrap} aText={VirtualBox is not currently allowed to access USB devices.  You can change this by adding your user to the 'vboxusers' group.  Please see the user manual for a more detailed explanation}, preserve=true  aResultDetail=0
00:01:40.678225 Watcher  ERROR [COM]: aRC=NS_ERROR_FAILURE (0x80004005) aIID={5047460a-265d-4538-b23e-ddba5fb84976} aComponent={MachineWrap} aText={The virtual machine 'debian' has terminated unexpectedly during startup with exit code 1 (0x1)}, preserve=false aResultDetail=0
00:01:41.251929 nspr-4   Failed to open "/dev/vboxdrvu", errno=2, rc=VERR_VM_DRIVER_NOT_INSTALLED
00:01:41.271269 nspr-5   WARNING [COM]: aRC=NS_ERROR_FAILURE (0x80004005) aIID={dbe11e5f-7f10-46e7-94c4-1e95bf4b6627} aComponent={HostWrap} aText={VirtualBox is not currently allowed to access USB devices.  You can change this by adding your user to the 'vboxusers' group.  Please see the user manual for a more detailed explanation}, preserve=true  aResultDetail=0
00:01:41.272494 nspr-4   WARNING [COM]: aRC=NS_ERROR_FAILURE (0x80004005) aIID={dbe11e5f-7f10-46e7-94c4-1e95bf4b6627} aComponent={HostWrap} aText={VirtualBox is not currently allowed to access USB devices.  You can change this by adding your user to the 'vboxusers' group.  Please see the user manual for a more detailed explanation}, preserve=true  aResultDetail=0
00:02:15.438094 nspr-2   WARNING [COM]: aRC=NS_ERROR_FAILURE (0x80004005) aIID={dbe11e5f-7f10-46e7-94c4-1e95bf4b6627} aComponent={HostWrap} aText={VirtualBox is not currently allowed to access USB devices.  You can change this by adding your user to the 'vboxusers' group.  Please see the user manual for a more detailed explanation}, preserve=true  aResultDetail=0
00:02:15.439731 nspr-2   WARNING [COM]: aRC=NS_ERROR_FAILURE (0x80004005) aIID={dbe11e5f-7f10-46e7-94c4-1e95bf4b6627} aComponent={HostWrap} aText={VirtualBox is not currently allowed to access USB devices.  You can change this by adding your user to the 'vboxusers' group.  Please see the user manual for a more detailed explanation}, preserve=true  aResultDetail=0
00:02:15.616372 nspr-2   WARNING [COM]: aRC=NS_ERROR_FAILURE (0x80004005) aIID={dbe11e5f-7f10-46e7-94c4-1e95bf4b6627} aComponent={HostWrap} aText={VirtualBox is not currently allowed to access USB devices.  You can change this by adding your user to the 'vboxusers' group.  Please see the user manual for a more detailed explanation}, preserve=true  aResultDetail=0
00:02:15.617478 nspr-2   WARNING [COM]: aRC=NS_ERROR_FAILURE (0x80004005) aIID={dbe11e5f-7f10-46e7-94c4-1e95bf4b6627} aComponent={HostWrap} aText={VirtualBox is not currently allowed to access USB devices.  You can change this by adding your user to the 'vboxusers' group.  Please see the user manual for a more detailed explanation}, preserve=true  aResultDetail=0
00:02:15.897814 nspr-2   WARNING [COM]: aRC=NS_ERROR_FAILURE (0x80004005) aIID={dbe11e5f-7f10-46e7-94c4-1e95bf4b6627} aComponent={HostWrap} aText={VirtualBox is not currently allowed to access USB devices.  You can change this by adding your user to the 'vboxusers' group.  Please see the user manual for a more detailed explanation}, preserve=true  aResultDetail=0
00:02:15.898432 nspr-6   WARNING [COM]: aRC=NS_ERROR_FAILURE (0x80004005) aIID={dbe11e5f-7f10-46e7-94c4-1e95bf4b6627} aComponent={HostWrap} aText={VirtualBox is not currently allowed to access USB devices.  You can change this by adding your user to the 'vboxusers' group.  Please see the user manual for a more detailed explanation}, preserve=true  aResultDetail=0
00:02:15.898630 nspr-6   ERROR [COM]: aRC=VBOX_E_OBJECT_NOT_FOUND (0x80bb0001) aIID={70401eef-c8e9-466b-9660-45cb3e9979e4} aComponent={ExtPackManagerWrap} aText={No extension pack by the name 'Oracle VM VirtualBox Extension Pack' was found}, preserve=false aResultDetail=0
00:02:15.941903 nspr-2   WARNING [COM]: aRC=NS_ERROR_FAILURE (0x80004005) aIID={dbe11e5f-7f10-46e7-94c4-1e95bf4b6627} aComponent={HostWrap} aText={VirtualBox is not currently allowed to access USB devices.  You can change this by adding your user to the 'vboxusers' group.  Please see the user manual for a more detailed explanation}, preserve=true  aResultDetail=0
00:02:15.942518 nspr-6   WARNING [COM]: aRC=NS_ERROR_FAILURE (0x80004005) aIID={dbe11e5f-7f10-46e7-94c4-1e95bf4b6627} aComponent={HostWrap} aText={VirtualBox is not currently allowed to access USB devices.  You can change this by adding your user to the 'vboxusers' group.  Please see the user manual for a more detailed explanation}, preserve=true  aResultDetail=0
00:02:15.958390 nspr-6   ERROR [COM]: aRC=VBOX_E_IPRT_ERROR (0x80bb0005) aIID={5047460a-265d-4538-b23e-ddba5fb84976} aComponent={SessionMachine} aText={Saved screenshot data is not available (VERR_NOT_SUPPORTED)}, preserve=false aResultDetail=-37
00:02:15.984081 nspr-2   NetIfAdpCtlOut: VBoxNetAdpCtl: Error while retrieving link speed for wlp4s0: VBoxNetAdpCtl: ioctl failed: Operation not supported
00:02:16.074557 nspr-6   WARNING [COM]: aRC=NS_ERROR_FAILURE (0x80004005) aIID={dbe11e5f-7f10-46e7-94c4-1e95bf4b6627} aComponent={HostWrap} aText={VirtualBox is not currently allowed to access USB devices.  You can change this by adding your user to the 'vboxusers' group.  Please see the user manual for a more detailed explanation}, preserve=true  aResultDetail=0
00:02:16.175676 nspr-4   WARNING [COM]: aRC=NS_ERROR_FAILURE (0x80004005) aIID={dbe11e5f-7f10-46e7-94c4-1e95bf4b6627} aComponent={HostWrap} aText={VirtualBox is not currently allowed to access USB devices.  You can change this by adding your user to the 'vboxusers' group.  Please see the user manual for a more detailed explanation}, preserve=true  aResultDetail=0
00:02:16.178211 nspr-6   WARNING [COM]: aRC=NS_ERROR_FAILURE (0x80004005) aIID={dbe11e5f-7f10-46e7-94c4-1e95bf4b6627} aComponent={HostWrap} aText={VirtualBox is not currently allowed to access USB devices.  You can change this by adding your user to the 'vboxusers' group.  Please see the user manual for a more detailed explanation}, preserve=true  aResultDetail=0
00:02:16.920287 nspr-3   WARNING [COM]: aRC=NS_ERROR_FAILURE (0x80004005) aIID={dbe11e5f-7f10-46e7-94c4-1e95bf4b6627} aComponent={HostWrap} aText={VirtualBox is not currently allowed to access USB devices.  You can change this by adding your user to the 'vboxusers' group.  Please see the user manual for a more detailed explanation}, preserve=true  aResultDetail=0
00:02:16.924397 nspr-4   WARNING [COM]: aRC=NS_ERROR_FAILURE (0x80004005) aIID={dbe11e5f-7f10-46e7-94c4-1e95bf4b6627} aComponent={HostWrap} aText={VirtualBox is not currently allowed to access USB devices.  You can change this by adding your user to the 'vboxusers' group.  Please see the user manual for a more detailed explanation}, preserve=true  aResultDetail=0
00:03:31.437719 nspr-6   WARNING [COM]: aRC=NS_ERROR_FAILURE (0x80004005) aIID={dbe11e5f-7f10-46e7-94c4-1e95bf4b6627} aComponent={HostWrap} aText={VirtualBox is not currently allowed to access USB devices.  You can change this by adding your user to the 'vboxusers' group.  Please see the user manual for a more detailed explanation}, preserve=true  aResultDetail=0
00:03:31.438916 nspr-3   WARNING [COM]: aRC=NS_ERROR_FAILURE (0x80004005) aIID={dbe11e5f-7f10-46e7-94c4-1e95bf4b6627} aComponent={HostWrap} aText={VirtualBox is not currently allowed to access USB devices.  You can change this by adding your user to the 'vboxusers' group.  Please see the user manual for a more detailed explanation}, preserve=true  aResultDetail=0
00:03:31.457127 nspr-6   Saving settings file "/home/mogwai/VirtualBox/debian/debian.vbox" with version "1.16-linux"
00:03:31.487688 nspr-5   Saving settings file "/home/mogwai/VirtualBox/debian/debian.vbox" with version "1.16-linux"
00:03:32.113938 nspr-7   WARNING [COM]: aRC=NS_ERROR_FAILURE (0x80004005) aIID={dbe11e5f-7f10-46e7-94c4-1e95bf4b6627} aComponent={HostWrap} aText={VirtualBox is not currently allowed to access USB devices.  You can change this by adding your user to the 'vboxusers' group.  Please see the user manual for a more detailed explanation}, preserve=true  aResultDetail=0
00:03:32.115178 nspr-7   WARNING [COM]: aRC=NS_ERROR_FAILURE (0x80004005) aIID={dbe11e5f-7f10-46e7-94c4-1e95bf4b6627} aComponent={HostWrap} aText={VirtualBox is not currently allowed to access USB devices.  You can change this by adding your user to the 'vboxusers' group.  Please see the user manual for a more detailed explanation}, preserve=true  aResultDetail=0
00:03:35.459935 nspr-6   Saving settings file "/home/mogwai/.config/VirtualBox/VirtualBox.xml" with version "1.12-linux"
00:03:35.981600 nspr-6   WARNING [COM]: aRC=NS_ERROR_FAILURE (0x80004005) aIID={dbe11e5f-7f10-46e7-94c4-1e95bf4b6627} aComponent={HostWrap} aText={VirtualBox is not currently allowed to access USB devices.  You can change this by adding your user to the 'vboxusers' group.  Please see the user manual for a more detailed explanation}, preserve=true  aResultDetail=0
00:03:35.988226 nspr-7   ERROR [COM]: aRC=E_ACCESSDENIED (0x80070005) aIID={ad47ad09-787b-44ab-b343-a082a3f2dfb1} aComponent={MediumWrap} aText={The object is not ready}, preserve=false aResultDetail=0
00:03:36.000099 nspr-7   WARNING [COM]: aRC=NS_ERROR_FAILURE (0x80004005) aIID={dbe11e5f-7f10-46e7-94c4-1e95bf4b6627} aComponent={HostWrap} aText={VirtualBox is not currently allowed to access USB devices.  You can change this by adding your user to the 'vboxusers' group.  Please see the user manual for a more detailed explanation}, preserve=true  aResultDetail=0
00:03:36.044899 nspr-4   WARNING [COM]: aRC=NS_ERROR_FAILURE (0x80004005) aIID={dbe11e5f-7f10-46e7-94c4-1e95bf4b6627} aComponent={HostWrap} aText={VirtualBox is not currently allowed to access USB devices.  You can change this by adding your user to the 'vboxusers' group.  Please see the user manual for a more detailed explanation}, preserve=true  aResultDetail=0
00:03:36.046156 nspr-4   WARNING [COM]: aRC=NS_ERROR_FAILURE (0x80004005) aIID={dbe11e5f-7f10-46e7-94c4-1e95bf4b6627} aComponent={HostWrap} aText={VirtualBox is not currently allowed to access USB devices.  You can change this by adding your user to the 'vboxusers' group.  Please see the user manual for a more detailed explanation}, preserve=true  aResultDetail=0
00:03:40.172936 nspr-6   WARNING [COM]: aRC=NS_ERROR_FAILURE (0x80004005) aIID={dbe11e5f-7f10-46e7-94c4-1e95bf4b6627} aComponent={HostWrap} aText={VirtualBox is not currently allowed to access USB devices.  You can change this by adding your user to the 'vboxusers' group.  Please see the user manual for a more detailed explanation}, preserve=true  aResultDetail=0
00:03:40.174551 nspr-6   WARNING [COM]: aRC=NS_ERROR_FAILURE (0x80004005) aIID={dbe11e5f-7f10-46e7-94c4-1e95bf4b6627} aComponent={HostWrap} aText={VirtualBox is not currently allowed to access USB devices.  You can change this by adding your user to the 'vboxusers' group.  Please see the user manual for a more detailed explanation}, preserve=true  aResultDetail=0
00:03:49.770683 createBase Saving settings file "/home/mogwai/.config/VirtualBox/VirtualBox.xml" with version "1.12-linux"
00:03:49.812513 nspr-4   Saving settings file "/home/mogwai/VirtualBox/deb/deb.vbox" with version "1.16-linux"
00:03:49.823728 nspr-2   WARNING [COM]: aRC=NS_ERROR_FAILURE (0x80004005) aIID={dbe11e5f-7f10-46e7-94c4-1e95bf4b6627} aComponent={HostWrap} aText={VirtualBox is not currently allowed to access USB devices.  You can change this by adding your user to the 'vboxusers' group.  Please see the user manual for a more detailed explanation}, preserve=true  aResultDetail=0
00:03:49.831431 nspr-5   Saving settings file "/home/mogwai/VirtualBox/deb/deb.vbox" with version "1.16-linux"
00:03:49.835862 nspr-5   Saving settings file "/home/mogwai/.config/VirtualBox/VirtualBox.xml" with version "1.12-linux"
00:03:49.845151 nspr-5   Saving settings file "/home/mogwai/.config/VirtualBox/VirtualBox.xml" with version "1.12-linux"
00:03:49.849863 nspr-4   Saving settings file "/home/mogwai/VirtualBox/deb/deb.vbox" with version "1.16-linux"
00:03:49.868171 nspr-5   ERROR [COM]: aRC=NS_ERROR_FAILURE (0x80004005) aIID={5047460a-265d-4538-b23e-ddba5fb84976} aComponent={MachineWrap} aText={This machine does not have any snapshots}, preserve=false aResultDetail=0
00:03:49.884163 nspr-5   WARNING [COM]: aRC=NS_ERROR_FAILURE (0x80004005) aIID={dbe11e5f-7f10-46e7-94c4-1e95bf4b6627} aComponent={HostWrap} aText={VirtualBox is not currently allowed to access USB devices.  You can change this by adding your user to the 'vboxusers' group.  Please see the user manual for a more detailed explanation}, preserve=true  aResultDetail=0
00:03:49.918746 nspr-5   WARNING [COM]: aRC=NS_ERROR_FAILURE (0x80004005) aIID={dbe11e5f-7f10-46e7-94c4-1e95bf4b6627} aComponent={HostWrap} aText={VirtualBox is not currently allowed to access USB devices.  You can change this by adding your user to the 'vboxusers' group.  Please see the user manual for a more detailed explanation}, preserve=true  aResultDetail=0
00:03:49.919661 nspr-5   WARNING [COM]: aRC=NS_ERROR_FAILURE (0x80004005) aIID={dbe11e5f-7f10-46e7-94c4-1e95bf4b6627} aComponent={HostWrap} aText={VirtualBox is not currently allowed to access USB devices.  You can change this by adding your user to the 'vboxusers' group.  Please see the user manual for a more detailed explanation}, preserve=true  aResultDetail=0
00:03:51.512064 nspr-2   WARNING [COM]: aRC=NS_ERROR_FAILURE (0x80004005) aIID={dbe11e5f-7f10-46e7-94c4-1e95bf4b6627} aComponent={HostWrap} aText={VirtualBox is not currently allowed to access USB devices.  You can change this by adding your user to the 'vboxusers' group.  Please see the user manual for a more detailed explanation}, preserve=true  aResultDetail=0
00:03:51.655879 nspr-5   NetIfAdpCtlOut: VBoxNetAdpCtl: Error while retrieving link speed for wlp4s0: VBoxNetAdpCtl: ioctl failed: Operation not supported
00:03:51.668346 nspr-7   NetIfAdpCtlOut: VBoxNetAdpCtl: Error while retrieving link speed for wlp4s0: VBoxNetAdpCtl: ioctl failed: Operation not supported
00:03:51.676917 nspr-5   WARNING [COM]: aRC=NS_ERROR_FAILURE (0x80004005) aIID={dbe11e5f-7f10-46e7-94c4-1e95bf4b6627} aComponent={HostWrap} aText={VirtualBox is not currently allowed to access USB devices.  You can change this by adding your user to the 'vboxusers' group.  Please see the user manual for a more detailed explanation}, preserve=true  aResultDetail=0
00:03:51.677299 nspr-3   WARNING [COM]: aRC=NS_ERROR_FAILURE (0x80004005) aIID={dbe11e5f-7f10-46e7-94c4-1e95bf4b6627} aComponent={HostWrap} aText={VirtualBox is not currently allowed to access USB devices.  You can change this by adding your user to the 'vboxusers' group.  Please see the user manual for a more detailed explanation}, preserve=true  aResultDetail=0
00:03:51.808241 nspr-5   WARNING [COM]: aRC=NS_ERROR_FAILURE (0x80004005) aIID={dbe11e5f-7f10-46e7-94c4-1e95bf4b6627} aComponent={HostWrap} aText={VirtualBox is not currently allowed to access USB devices.  You can change this by adding your user to the 'vboxusers' group.  Please see the user manual for a more detailed explanation}, preserve=true  aResultDetail=0
00:03:51.809271 nspr-5   WARNING [COM]: aRC=NS_ERROR_FAILURE (0x80004005) aIID={dbe11e5f-7f10-46e7-94c4-1e95bf4b6627} aComponent={HostWrap} aText={VirtualBox is not currently allowed to access USB devices.  You can change this by adding your user to the 'vboxusers' group.  Please see the user manual for a more detailed explanation}, preserve=true  aResultDetail=0
00:04:04.099594 nspr-4   Saving settings file "/home/mogwai/.config/VirtualBox/VirtualBox.xml" with version "1.12-linux"
00:04:04.109779 nspr-2   Saving settings file "/home/mogwai/.config/VirtualBox/VirtualBox.xml" with version "1.12-linux"
00:04:06.615677 nspr-2   ERROR [COM]: aRC=VBOX_E_OBJECT_NOT_FOUND (0x80bb0001) aIID={5047460a-265d-4538-b23e-ddba5fb84976} aComponent={SessionMachine} aText={No storage device attached to device slot 0 on port 0 of controller 'IDE'}, preserve=false aResultDetail=0
00:04:06.621229 nspr-3   Saving settings file "/home/mogwai/.config/VirtualBox/VirtualBox.xml" with version "1.12-linux"
00:04:06.662386 nspr-6   WARNING [COM]: aRC=NS_ERROR_FAILURE (0x80004005) aIID={dbe11e5f-7f10-46e7-94c4-1e95bf4b6627} aComponent={HostWrap} aText={VirtualBox is not currently allowed to access USB devices.  You can change this by adding your user to the 'vboxusers' group.  Please see the user manual for a more detailed explanation}, preserve=true  aResultDetail=0
00:04:06.664832 nspr-5   Saving settings file "/home/mogwai/VirtualBox/deb/deb.vbox" with version "1.16-linux"
00:04:06.669977 nspr-7   Saving settings file "/home/mogwai/VirtualBox/deb/deb.vbox" with version "1.16-linux"
00:04:06.741829 nspr-7   WARNING [COM]: aRC=NS_ERROR_FAILURE (0x80004005) aIID={dbe11e5f-7f10-46e7-94c4-1e95bf4b6627} aComponent={HostWrap} aText={VirtualBox is not currently allowed to access USB devices.  You can change this by adding your user to the 'vboxusers' group.  Please see the user manual for a more detailed explanation}, preserve=true  aResultDetail=0
00:04:06.742818 nspr-7   WARNING [COM]: aRC=NS_ERROR_FAILURE (0x80004005) aIID={dbe11e5f-7f10-46e7-94c4-1e95bf4b6627} aComponent={HostWrap} aText={VirtualBox is not currently allowed to access USB devices.  You can change this by adding your user to the 'vboxusers' group.  Please see the user manual for a more detailed explanation}, preserve=true  aResultDetail=0
00:04:07.823493 nspr-2   WARNING [COM]: aRC=NS_ERROR_FAILURE (0x80004005) aIID={dbe11e5f-7f10-46e7-94c4-1e95bf4b6627} aComponent={HostWrap} aText={VirtualBox is not currently allowed to access USB devices.  You can change this by adding your user to the 'vboxusers' group.  Please see the user manual for a more detailed explanation}, preserve=true  aResultDetail=0
00:04:07.825150 nspr-6   WARNING [COM]: aRC=NS_ERROR_FAILURE (0x80004005) aIID={dbe11e5f-7f10-46e7-94c4-1e95bf4b6627} aComponent={HostWrap} aText={VirtualBox is not currently allowed to access USB devices.  You can change this by adding your user to the 'vboxusers' group.  Please see the user manual for a more detailed explanation}, preserve=true  aResultDetail=0
00:04:07.997965 nspr-2   WARNING [COM]: aRC=NS_ERROR_FAILURE (0x80004005) aIID={dbe11e5f-7f10-46e7-94c4-1e95bf4b6627} aComponent={HostWrap} aText={VirtualBox is not currently allowed to access USB devices.  You can change this by adding your user to the 'vboxusers' group.  Please see the user manual for a more detailed explanation}, preserve=true  aResultDetail=0
00:04:08.000116 nspr-6   WARNING [COM]: aRC=NS_ERROR_FAILURE (0x80004005) aIID={dbe11e5f-7f10-46e7-94c4-1e95bf4b6627} aComponent={HostWrap} aText={VirtualBox is not currently allowed to access USB devices.  You can change this by adding your user to the 'vboxusers' group.  Please see the user manual for a more detailed explanation}, preserve=true  aResultDetail=0
00:04:08.181303 nspr-2   WARNING [COM]: aRC=NS_ERROR_FAILURE (0x80004005) aIID={dbe11e5f-7f10-46e7-94c4-1e95bf4b6627} aComponent={HostWrap} aText={VirtualBox is not currently allowed to access USB devices.  You can change this by adding your user to the 'vboxusers' group.  Please see the user manual for a more detailed explanation}, preserve=true  aResultDetail=0
00:04:08.181901 nspr-2   WARNING [COM]: aRC=NS_ERROR_FAILURE (0x80004005) aIID={dbe11e5f-7f10-46e7-94c4-1e95bf4b6627} aComponent={HostWrap} aText={VirtualBox is not currently allowed to access USB devices.  You can change this by adding your user to the 'vboxusers' group.  Please see the user manual for a more detailed explanation}, preserve=true  aResultDetail=0
00:04:08.182086 nspr-7   ERROR [COM]: aRC=VBOX_E_OBJECT_NOT_FOUND (0x80bb0001) aIID={70401eef-c8e9-466b-9660-45cb3e9979e4} aComponent={ExtPackManagerWrap} aText={No extension pack by the name 'Oracle VM VirtualBox Extension Pack' was found}, preserve=false aResultDetail=0
00:04:08.218116 nspr-2   WARNING [COM]: aRC=NS_ERROR_FAILURE (0x80004005) aIID={dbe11e5f-7f10-46e7-94c4-1e95bf4b6627} aComponent={HostWrap} aText={VirtualBox is not currently allowed to access USB devices.  You can change this by adding your user to the 'vboxusers' group.  Please see the user manual for a more detailed explanation}, preserve=true  aResultDetail=0
00:04:08.218733 nspr-2   WARNING [COM]: aRC=NS_ERROR_FAILURE (0x80004005) aIID={dbe11e5f-7f10-46e7-94c4-1e95bf4b6627} aComponent={HostWrap} aText={VirtualBox is not currently allowed to access USB devices.  You can change this by adding your user to the 'vboxusers' group.  Please see the user manual for a more detailed explanation}, preserve=true  aResultDetail=0
00:04:08.233234 nspr-6   ERROR [COM]: aRC=VBOX_E_IPRT_ERROR (0x80bb0005) aIID={5047460a-265d-4538-b23e-ddba5fb84976} aComponent={SessionMachine} aText={Saved screenshot data is not available (VERR_NOT_SUPPORTED)}, preserve=false aResultDetail=-37
00:04:08.258715 nspr-7   NetIfAdpCtlOut: VBoxNetAdpCtl: Error while retrieving link speed for wlp4s0: VBoxNetAdpCtl: ioctl failed: Operation not supported
00:04:08.341932 nspr-2   WARNING [COM]: aRC=NS_ERROR_FAILURE (0x80004005) aIID={dbe11e5f-7f10-46e7-94c4-1e95bf4b6627} aComponent={HostWrap} aText={VirtualBox is not currently allowed to access USB devices.  You can change this by adding your user to the 'vboxusers' group.  Please see the user manual for a more detailed explanation}, preserve=true  aResultDetail=0
00:04:08.431247 nspr-7   WARNING [COM]: aRC=NS_ERROR_FAILURE (0x80004005) aIID={dbe11e5f-7f10-46e7-94c4-1e95bf4b6627} aComponent={HostWrap} aText={VirtualBox is not currently allowed to access USB devices.  You can change this by adding your user to the 'vboxusers' group.  Please see the user manual for a more detailed explanation}, preserve=true  aResultDetail=0
00:04:08.432359 nspr-2   WARNING [COM]: aRC=NS_ERROR_FAILURE (0x80004005) aIID={dbe11e5f-7f10-46e7-94c4-1e95bf4b6627} aComponent={HostWrap} aText={VirtualBox is not currently allowed to access USB devices.  You can change this by adding your user to the 'vboxusers' group.  Please see the user manual for a more detailed explanation}, preserve=true  aResultDetail=0
00:04:09.187046 nspr-4   WARNING [COM]: aRC=NS_ERROR_FAILURE (0x80004005) aIID={dbe11e5f-7f10-46e7-94c4-1e95bf4b6627} aComponent={HostWrap} aText={VirtualBox is not currently allowed to access USB devices.  You can change this by adding your user to the 'vboxusers' group.  Please see the user manual for a more detailed explanation}, preserve=true  aResultDetail=0
00:04:09.188431 nspr-5   WARNING [COM]: aRC=NS_ERROR_FAILURE (0x80004005) aIID={dbe11e5f-7f10-46e7-94c4-1e95bf4b6627} aComponent={HostWrap} aText={VirtualBox is not currently allowed to access USB devices.  You can change this by adding your user to the 'vboxusers' group.  Please see the user manual for a more detailed explanation}, preserve=true  aResultDetail=0
00:05:39.294814 nspr-6   Saving settings file "/home/mogwai/VirtualBox/deb/deb.vbox" with version "1.16-linux"
00:05:39.353065 nspr-3   ERROR [COM]: aRC=VBOX_E_IPRT_ERROR (0x80bb0005) aIID={5047460a-265d-4538-b23e-ddba5fb84976} aComponent={SessionMachine} aText={Saved screenshot data is not available (VERR_NOT_SUPPORTED)}, preserve=false aResultDetail=-37
00:05:39.431411 nspr-3   WARNING [COM]: aRC=NS_ERROR_FAILURE (0x80004005) aIID={dbe11e5f-7f10-46e7-94c4-1e95bf4b6627} aComponent={HostWrap} aText={VirtualBox is not currently allowed to access USB devices.  You can change this by adding your user to the 'vboxusers' group.  Please see the user manual for a more detailed explanation}, preserve=true  aResultDetail=0
00:05:39.432901 nspr-6   WARNING [COM]: aRC=NS_ERROR_FAILURE (0x80004005) aIID={dbe11e5f-7f10-46e7-94c4-1e95bf4b6627} aComponent={HostWrap} aText={VirtualBox is not currently allowed to access USB devices.  You can change this by adding your user to the 'vboxusers' group.  Please see the user manual for a more detailed explanation}, preserve=true  aResultDetail=0
00:06:07.350469 nspr-5   WARNING [COM]: aRC=NS_ERROR_FAILURE (0x80004005) aIID={dbe11e5f-7f10-46e7-94c4-1e95bf4b6627} aComponent={HostWrap} aText={VirtualBox is not currently allowed to access USB devices.  You can change this by adding your user to the 'vboxusers' group.  Please see the user manual for a more detailed explanation}, preserve=true  aResultDetail=0
00:06:07.351278 nspr-6   WARNING [COM]: aRC=NS_ERROR_FAILURE (0x80004005) aIID={dbe11e5f-7f10-46e7-94c4-1e95bf4b6627} aComponent={HostWrap} aText={VirtualBox is not currently allowed to access USB devices.  You can change this by adding your user to the 'vboxusers' group.  Please see the user manual for a more detailed explanation}, preserve=true  aResultDetail=0
00:06:07.364985 nspr-7   ERROR [COM]: aRC=VBOX_E_IPRT_ERROR (0x80bb0005) aIID={5047460a-265d-4538-b23e-ddba5fb84976} aComponent={SessionMachine} aText={Saved screenshot data is not available (VERR_NOT_SUPPORTED)}, preserve=false aResultDetail=-37
00:06:07.414396 nspr-3   WARNING [COM]: aRC=NS_ERROR_FAILURE (0x80004005) aIID={dbe11e5f-7f10-46e7-94c4-1e95bf4b6627} aComponent={HostWrap} aText={VirtualBox is not currently allowed to access USB devices.  You can change this by adding your user to the 'vboxusers' group.  Please see the user manual for a more detailed explanation}, preserve=true  aResultDetail=0
00:06:07.416815 nspr-7   WARNING [COM]: aRC=NS_ERROR_FAILURE (0x80004005) aIID={dbe11e5f-7f10-46e7-94c4-1e95bf4b6627} aComponent={HostWrap} aText={VirtualBox is not currently allowed to access USB devices.  You can change this by adding your user to the 'vboxusers' group.  Please see the user manual for a more detailed explanation}, preserve=true  aResultDetail=0
00:06:14.492181 nspr-3   ERROR [COM]: aRC=VBOX_E_IPRT_ERROR (0x80bb0005) aIID={5047460a-265d-4538-b23e-ddba5fb84976} aComponent={SessionMachine} aText={Saved screenshot data is not available (VERR_NOT_SUPPORTED)}, preserve=false aResultDetail=-37
00:06:24.811497 nspr-3   Saving settings file "/home/mogwai/VirtualBox/deb/deb.vbox" with version "1.16-linux"
00:06:24.882609 nspr-6   WARNING [COM]: aRC=NS_ERROR_FAILURE (0x80004005) aIID={dbe11e5f-7f10-46e7-94c4-1e95bf4b6627} aComponent={HostWrap} aText={VirtualBox is not currently allowed to access USB devices.  You can change this by adding your user to the 'vboxusers' group.  Please see the user manual for a more detailed explanation}, preserve=true  aResultDetail=0
00:06:24.883738 nspr-7   WARNING [COM]: aRC=NS_ERROR_FAILURE (0x80004005) aIID={dbe11e5f-7f10-46e7-94c4-1e95bf4b6627} aComponent={HostWrap} aText={VirtualBox is not currently allowed to access USB devices.  You can change this by adding your user to the 'vboxusers' group.  Please see the user manual for a more detailed explanation}, preserve=true  aResultDetail=0
00:06:24.903962 nspr-7   ERROR [COM]: aRC=VBOX_E_IPRT_ERROR (0x80bb0005) aIID={5047460a-265d-4538-b23e-ddba5fb84976} aComponent={SessionMachine} aText={Saved screenshot data is not available (VERR_NOT_SUPPORTED)}, preserve=false aResultDetail=-37
00:06:24.940459 nspr-5   WARNING [COM]: aRC=NS_ERROR_FAILURE (0x80004005) aIID={dbe11e5f-7f10-46e7-94c4-1e95bf4b6627} aComponent={HostWrap} aText={VirtualBox is not currently allowed to access USB devices.  You can change this by adding your user to the 'vboxusers' group.  Please see the user manual for a more detailed explanation}, preserve=true  aResultDetail=0
00:06:24.941529 nspr-3   WARNING [COM]: aRC=NS_ERROR_FAILURE (0x80004005) aIID={dbe11e5f-7f10-46e7-94c4-1e95bf4b6627} aComponent={HostWrap} aText={VirtualBox is not currently allowed to access USB devices.  You can change this by adding your user to the 'vboxusers' group.  Please see the user manual for a more detailed explanation}, preserve=true  aResultDetail=0
00:06:25.000700 nspr-3   WARNING [COM]: aRC=NS_ERROR_FAILURE (0x80004005) aIID={dbe11e5f-7f10-46e7-94c4-1e95bf4b6627} aComponent={HostWrap} aText={VirtualBox is not currently allowed to access USB devices.  You can change this by adding your user to the 'vboxusers' group.  Please see the user manual for a more detailed explanation}, preserve=true  aResultDetail=0
00:06:25.005794 nspr-7   WARNING [COM]: aRC=NS_ERROR_FAILURE (0x80004005) aIID={dbe11e5f-7f10-46e7-94c4-1e95bf4b6627} aComponent={HostWrap} aText={VirtualBox is not currently allowed to access USB devices.  You can change this by adding your user to the 'vboxusers' group.  Please see the user manual for a more detailed explanation}, preserve=true  aResultDetail=0
00:06:28.821507 nspr-5   ERROR [COM]: aRC=VBOX_E_IPRT_ERROR (0x80bb0005) aIID={5047460a-265d-4538-b23e-ddba5fb84976} aComponent={SessionMachine} aText={Saved screenshot data is not available (VERR_NOT_SUPPORTED)}, preserve=false aResultDetail=-37
00:06:35.824193 nspr-3   WARNING [COM]: aRC=NS_ERROR_FAILURE (0x80004005) aIID={dbe11e5f-7f10-46e7-94c4-1e95bf4b6627} aComponent={HostWrap} aText={VirtualBox is not currently allowed to access USB devices.  You can change this by adding your user to the 'vboxusers' group.  Please see the user manual for a more detailed explanation}, preserve=true  aResultDetail=0
00:06:35.827181 nspr-2   WARNING [COM]: aRC=NS_ERROR_FAILURE (0x80004005) aIID={dbe11e5f-7f10-46e7-94c4-1e95bf4b6627} aComponent={HostWrap} aText={VirtualBox is not currently allowed to access USB devices.  You can change this by adding your user to the 'vboxusers' group.  Please see the user manual for a more detailed explanation}, preserve=true  aResultDetail=0
00:06:35.842727 nspr-7   ERROR [COM]: aRC=VBOX_E_IPRT_ERROR (0x80bb0005) aIID={5047460a-265d-4538-b23e-ddba5fb84976} aComponent={SessionMachine} aText={Saved screenshot data is not available (VERR_NOT_SUPPORTED)}, preserve=false aResultDetail=-37
00:06:35.887318 nspr-2   WARNING [COM]: aRC=NS_ERROR_FAILURE (0x80004005) aIID={dbe11e5f-7f10-46e7-94c4-1e95bf4b6627} aComponent={HostWrap} aText={VirtualBox is not currently allowed to access USB devices.  You can change this by adding your user to the 'vboxusers' group.  Please see the user manual for a more detailed explanation}, preserve=true  aResultDetail=0
00:06:35.888634 nspr-3   WARNING [COM]: aRC=NS_ERROR_FAILURE (0x80004005) aIID={dbe11e5f-7f10-46e7-94c4-1e95bf4b6627} aComponent={HostWrap} aText={VirtualBox is not currently allowed to access USB devices.  You can change this by adding your user to the 'vboxusers' group.  Please see the user manual for a more detailed explanation}, preserve=true  aResultDetail=0
00:06:42.370815 nspr-7   ERROR [COM]: aRC=VBOX_E_IPRT_ERROR (0x80bb0005) aIID={5047460a-265d-4538-b23e-ddba5fb84976} aComponent={SessionMachine} aText={Saved screenshot data is not available (VERR_NOT_SUPPORTED)}, preserve=false aResultDetail=-37
00:06:50.734076 nspr-3   Saving settings file "/home/mogwai/VirtualBox/deb/deb.vbox" with version "1.16-linux"
00:06:50.801207 nspr-5   WARNING [COM]: aRC=NS_ERROR_FAILURE (0x80004005) aIID={dbe11e5f-7f10-46e7-94c4-1e95bf4b6627} aComponent={HostWrap} aText={VirtualBox is not currently allowed to access USB devices.  You can change this by adding your user to the 'vboxusers' group.  Please see the user manual for a more detailed explanation}, preserve=true  aResultDetail=0
00:06:50.802410 nspr-7   WARNING [COM]: aRC=NS_ERROR_FAILURE (0x80004005) aIID={dbe11e5f-7f10-46e7-94c4-1e95bf4b6627} aComponent={HostWrap} aText={VirtualBox is not currently allowed to access USB devices.  You can change this by adding your user to the 'vboxusers' group.  Please see the user manual for a more detailed explanation}, preserve=true  aResultDetail=0
00:06:50.816997 nspr-3   ERROR [COM]: aRC=VBOX_E_IPRT_ERROR (0x80bb0005) aIID={5047460a-265d-4538-b23e-ddba5fb84976} aComponent={SessionMachine} aText={Saved screenshot data is not available (VERR_NOT_SUPPORTED)}, preserve=false aResultDetail=-37
00:06:50.867195 nspr-5   WARNING [COM]: aRC=NS_ERROR_FAILURE (0x80004005) aIID={dbe11e5f-7f10-46e7-94c4-1e95bf4b6627} aComponent={HostWrap} aText={VirtualBox is not currently allowed to access USB devices.  You can change this by adding your user to the 'vboxusers' group.  Please see the user manual for a more detailed explanation}, preserve=true  aResultDetail=0
00:06:50.867938 nspr-6   WARNING [COM]: aRC=NS_ERROR_FAILURE (0x80004005) aIID={dbe11e5f-7f10-46e7-94c4-1e95bf4b6627} aComponent={HostWrap} aText={VirtualBox is not currently allowed to access USB devices.  You can change this by adding your user to the 'vboxusers' group.  Please see the user manual for a more detailed explanation}, preserve=true  aResultDetail=0
00:06:50.935596 nspr-7   WARNING [COM]: aRC=NS_ERROR_FAILURE (0x80004005) aIID={dbe11e5f-7f10-46e7-94c4-1e95bf4b6627} aComponent={HostWrap} aText={VirtualBox is not currently allowed to access USB devices.  You can change this by adding your user to the 'vboxusers' group.  Please see the user manual for a more detailed explanation}, preserve=true  aResultDetail=0
00:06:50.938914 nspr-5   WARNING [COM]: aRC=NS_ERROR_FAILURE (0x80004005) aIID={dbe11e5f-7f10-46e7-94c4-1e95bf4b6627} aComponent={HostWrap} aText={VirtualBox is not currently allowed to access USB devices.  You can change this by adding your user to the 'vboxusers' group.  Please see the user manual for a more detailed explanation}, preserve=true  aResultDetail=0
00:07:55.981567 nspr-6   WARNING [COM]: aRC=NS_ERROR_FAILURE (0x80004005) aIID={dbe11e5f-7f10-46e7-94c4-1e95bf4b6627} aComponent={HostWrap} aText={VirtualBox is not currently allowed to access USB devices.  You can change this by adding your user to the 'vboxusers' group.  Please see the user manual for a more detailed explanation}, preserve=true  aResultDetail=0
00:07:56.315179 nspr-6   NetIfAdpCtlOut: VBoxNetAdpCtl: Error while retrieving link speed for wlp4s0: VBoxNetAdpCtl: ioctl failed: Operation not supported
00:07:56.330649 nspr-6   NetIfAdpCtlOut: VBoxNetAdpCtl: Error while retrieving link speed for wlp4s0: VBoxNetAdpCtl: ioctl failed: Operation not supported
00:07:56.353467 nspr-4   WARNING [COM]: aRC=NS_ERROR_FAILURE (0x80004005) aIID={dbe11e5f-7f10-46e7-94c4-1e95bf4b6627} aComponent={HostWrap} aText={VirtualBox is not currently allowed to access USB devices.  You can change this by adding your user to the 'vboxusers' group.  Please see the user manual for a more detailed explanation}, preserve=true  aResultDetail=0
00:07:56.354156 nspr-7   WARNING [COM]: aRC=NS_ERROR_FAILURE (0x80004005) aIID={dbe11e5f-7f10-46e7-94c4-1e95bf4b6627} aComponent={HostWrap} aText={VirtualBox is not currently allowed to access USB devices.  You can change this by adding your user to the 'vboxusers' group.  Please see the user manual for a more detailed explanation}, preserve=true  aResultDetail=0
00:07:56.497905 nspr-2   WARNING [COM]: aRC=NS_ERROR_FAILURE (0x80004005) aIID={dbe11e5f-7f10-46e7-94c4-1e95bf4b6627} aComponent={HostWrap} aText={VirtualBox is not currently allowed to access USB devices.  You can change this by adding your user to the 'vboxusers' group.  Please see the user manual for a more detailed explanation}, preserve=true  aResultDetail=0
00:07:56.499124 nspr-5   WARNING [COM]: aRC=NS_ERROR_FAILURE (0x80004005) aIID={dbe11e5f-7f10-46e7-94c4-1e95bf4b6627} aComponent={HostWrap} aText={VirtualBox is not currently allowed to access USB devices.  You can change this by adding your user to the 'vboxusers' group.  Please see the user manual for a more detailed explanation}, preserve=true  aResultDetail=0
00:08:15.341665 nspr-2   WARNING [COM]: aRC=NS_ERROR_FAILURE (0x80004005) aIID={dbe11e5f-7f10-46e7-94c4-1e95bf4b6627} aComponent={HostWrap} aText={VirtualBox is not currently allowed to access USB devices.  You can change this by adding your user to the 'vboxusers' group.  Please see the user manual for a more detailed explanation}, preserve=true  aResultDetail=0
00:08:15.342717 nspr-3   WARNING [COM]: aRC=NS_ERROR_FAILURE (0x80004005) aIID={dbe11e5f-7f10-46e7-94c4-1e95bf4b6627} aComponent={HostWrap} aText={VirtualBox is not currently allowed to access USB devices.  You can change this by adding your user to the 'vboxusers' group.  Please see the user manual for a more detailed explanation}, preserve=true  aResultDetail=0
00:08:23.871805 nspr-5   Saving settings file "/home/mogwai/VirtualBox/deb/deb.vbox" with version "1.16-linux"
00:08:23.971020 nspr-8   WARNING [COM]: aRC=NS_ERROR_FAILURE (0x80004005) aIID={dbe11e5f-7f10-46e7-94c4-1e95bf4b6627} aComponent={HostWrap} aText={VirtualBox is not currently allowed to access USB devices.  You can change this by adding your user to the 'vboxusers' group.  Please see the user manual for a more detailed explanation}, preserve=true  aResultDetail=0
00:08:23.972035 nspr-4   WARNING [COM]: aRC=NS_ERROR_FAILURE (0x80004005) aIID={dbe11e5f-7f10-46e7-94c4-1e95bf4b6627} aComponent={HostWrap} aText={VirtualBox is not currently allowed to access USB devices.  You can change this by adding your user to the 'vboxusers' group.  Please see the user manual for a more detailed explanation}, preserve=true  aResultDetail=0
00:08:34.511299 nspr-2   Saving settings file "/home/mogwai/VirtualBox/deb/deb.vbox" with version "1.16-linux"
00:08:34.523867 nspr-3   ERROR [COM]: aRC=VBOX_E_IPRT_ERROR (0x80bb0005) aIID={5047460a-265d-4538-b23e-ddba5fb84976} aComponent={MachineWrap} aText={Saved screenshot thumbnail data is not available (VERR_NOT_SUPPORTED)}, preserve=false aResultDetail=-37
00:08:34.547219 nspr-2   ERROR [COM]: aRC=VBOX_E_IPRT_ERROR (0x80bb0005) aIID={5047460a-265d-4538-b23e-ddba5fb84976} aComponent={MachineWrap} aText={Saved screenshot thumbnail data is not available (VERR_NOT_SUPPORTED)}, preserve=false aResultDetail=-37
00:08:34.575165 nspr-3   WARNING [COM]: aRC=NS_ERROR_FAILURE (0x80004005) aIID={dbe11e5f-7f10-46e7-94c4-1e95bf4b6627} aComponent={HostWrap} aText={VirtualBox is not currently allowed to access USB devices.  You can change this by adding your user to the 'vboxusers' group.  Please see the user manual for a more detailed explanation}, preserve=true  aResultDetail=0
00:08:34.577202 nspr-4   WARNING [COM]: aRC=NS_ERROR_FAILURE (0x80004005) aIID={dbe11e5f-7f10-46e7-94c4-1e95bf4b6627} aComponent={HostWrap} aText={VirtualBox is not currently allowed to access USB devices.  You can change this by adding your user to the 'vboxusers' group.  Please see the user manual for a more detailed explanation}, preserve=true  aResultDetail=0
00:08:34.651601 SaveState Saving settings file "/home/mogwai/VirtualBox/deb/deb.vbox" with version "1.16-linux"
00:08:34.732040 nspr-2   WARNING [COM]: aRC=NS_ERROR_FAILURE (0x80004005) aIID={dbe11e5f-7f10-46e7-94c4-1e95bf4b6627} aComponent={HostWrap} aText={VirtualBox is not currently allowed to access USB devices.  You can change this by adding your user to the 'vboxusers' group.  Please see the user manual for a more detailed explanation}, preserve=true  aResultDetail=0
00:08:34.733223 nspr-4   WARNING [COM]: aRC=NS_ERROR_FAILURE (0x80004005) aIID={dbe11e5f-7f10-46e7-94c4-1e95bf4b6627} aComponent={HostWrap} aText={VirtualBox is not currently allowed to access USB devices.  You can change this by adding your user to the 'vboxusers' group.  Please see the user manual for a more detailed explanation}, preserve=true  aResultDetail=0
00:08:35.599971 nspr-5   WARNING [COM]: aRC=NS_ERROR_FAILURE (0x80004005) aIID={dbe11e5f-7f10-46e7-94c4-1e95bf4b6627} aComponent={HostWrap} aText={VirtualBox is not currently allowed to access USB devices.  You can change this by adding your user to the 'vboxusers' group.  Please see the user manual for a more detailed explanation}, preserve=true  aResultDetail=0
00:08:35.601281 nspr-5   WARNING [COM]: aRC=NS_ERROR_FAILURE (0x80004005) aIID={dbe11e5f-7f10-46e7-94c4-1e95bf4b6627} aComponent={HostWrap} aText={VirtualBox is not currently allowed to access USB devices.  You can change this by adding your user to the 'vboxusers' group.  Please see the user manual for a more detailed explanation}, preserve=true  aResultDetail=0
00:08:37.231269 nspr-4   WARNING [COM]: aRC=NS_ERROR_FAILURE (0x80004005) aIID={dbe11e5f-7f10-46e7-94c4-1e95bf4b6627} aComponent={HostWrap} aText={VirtualBox is not currently allowed to access USB devices.  You can change this by adding your user to the 'vboxusers' group.  Please see the user manual for a more detailed explanation}, preserve=true  aResultDetail=0
00:08:37.330996 nspr-2   NetIfAdpCtlOut: VBoxNetAdpCtl: Error while retrieving link speed for wlp4s0: VBoxNetAdpCtl: ioctl failed: Operation not supported
00:08:37.343017 nspr-7   NetIfAdpCtlOut: VBoxNetAdpCtl: Error while retrieving link speed for wlp4s0: VBoxNetAdpCtl: ioctl failed: Operation not supported
00:08:37.351608 nspr-2   WARNING [COM]: aRC=NS_ERROR_FAILURE (0x80004005) aIID={dbe11e5f-7f10-46e7-94c4-1e95bf4b6627} aComponent={HostWrap} aText={VirtualBox is not currently allowed to access USB devices.  You can change this by adding your user to the 'vboxusers' group.  Please see the user manual for a more detailed explanation}, preserve=true  aResultDetail=0
00:08:37.352829 nspr-7   WARNING [COM]: aRC=NS_ERROR_FAILURE (0x80004005) aIID={dbe11e5f-7f10-46e7-94c4-1e95bf4b6627} aComponent={HostWrap} aText={VirtualBox is not currently allowed to access USB devices.  You can change this by adding your user to the 'vboxusers' group.  Please see the user manual for a more detailed explanation}, preserve=true  aResultDetail=0
00:08:37.469416 nspr-5   WARNING [COM]: aRC=NS_ERROR_FAILURE (0x80004005) aIID={dbe11e5f-7f10-46e7-94c4-1e95bf4b6627} aComponent={HostWrap} aText={VirtualBox is not currently allowed to access USB devices.  You can change this by adding your user to the 'vboxusers' group.  Please see the user manual for a more detailed explanation}, preserve=true  aResultDetail=0
00:08:37.470402 nspr-4   WARNING [COM]: aRC=NS_ERROR_FAILURE (0x80004005) aIID={dbe11e5f-7f10-46e7-94c4-1e95bf4b6627} aComponent={HostWrap} aText={VirtualBox is not currently allowed to access USB devices.  You can change this by adding your user to the 'vboxusers' group.  Please see the user manual for a more detailed explanation}, preserve=true  aResultDetail=0
00:08:45.182650 nspr-2   Saving settings file "/home/mogwai/VirtualBox/deb/deb.vbox" with version "1.16-linux"
00:08:45.240084 nspr-3   WARNING [COM]: aRC=NS_ERROR_FAILURE (0x80004005) aIID={dbe11e5f-7f10-46e7-94c4-1e95bf4b6627} aComponent={HostWrap} aText={VirtualBox is not currently allowed to access USB devices.  You can change this by adding your user to the 'vboxusers' group.  Please see the user manual for a more detailed explanation}, preserve=true  aResultDetail=0
00:08:45.241052 nspr-7   WARNING [COM]: aRC=NS_ERROR_FAILURE (0x80004005) aIID={dbe11e5f-7f10-46e7-94c4-1e95bf4b6627} aComponent={HostWrap} aText={VirtualBox is not currently allowed to access USB devices.  You can change this by adding your user to the 'vboxusers' group.  Please see the user manual for a more detailed explanation}, preserve=true  aResultDetail=0
00:08:46.485756 nspr-5   WARNING [COM]: aRC=NS_ERROR_FAILURE (0x80004005) aIID={dbe11e5f-7f10-46e7-94c4-1e95bf4b6627} aComponent={HostWrap} aText={VirtualBox is not currently allowed to access USB devices.  You can change this by adding your user to the 'vboxusers' group.  Please see the user manual for a more detailed explanation}, preserve=true  aResultDetail=0
00:08:46.582863 nspr-5   NetIfAdpCtlOut: VBoxNetAdpCtl: Error while retrieving link speed for wlp4s0: VBoxNetAdpCtl: ioctl failed: Operation not supported
00:08:46.594755 nspr-2   NetIfAdpCtlOut: VBoxNetAdpCtl: Error while retrieving link speed for wlp4s0: VBoxNetAdpCtl: ioctl failed: Operation not supported
00:08:46.603198 nspr-5   WARNING [COM]: aRC=NS_ERROR_FAILURE (0x80004005) aIID={dbe11e5f-7f10-46e7-94c4-1e95bf4b6627} aComponent={HostWrap} aText={VirtualBox is not currently allowed to access USB devices.  You can change this by adding your user to the 'vboxusers' group.  Please see the user manual for a more detailed explanation}, preserve=true  aResultDetail=0
00:08:46.603622 nspr-7   WARNING [COM]: aRC=NS_ERROR_FAILURE (0x80004005) aIID={dbe11e5f-7f10-46e7-94c4-1e95bf4b6627} aComponent={HostWrap} aText={VirtualBox is not currently allowed to access USB devices.  You can change this by adding your user to the 'vboxusers' group.  Please see the user manual for a more detailed explanation}, preserve=true  aResultDetail=0
00:08:46.729045 nspr-4   WARNING [COM]: aRC=NS_ERROR_FAILURE (0x80004005) aIID={dbe11e5f-7f10-46e7-94c4-1e95bf4b6627} aComponent={HostWrap} aText={VirtualBox is not currently allowed to access USB devices.  You can change this by adding your user to the 'vboxusers' group.  Please see the user manual for a more detailed explanation}, preserve=true  aResultDetail=0
00:08:46.730045 nspr-3   WARNING [COM]: aRC=NS_ERROR_FAILURE (0x80004005) aIID={dbe11e5f-7f10-46e7-94c4-1e95bf4b6627} aComponent={HostWrap} aText={VirtualBox is not currently allowed to access USB devices.  You can change this by adding your user to the 'vboxusers' group.  Please see the user manual for a more detailed explanation}, preserve=true  aResultDetail=0
00:09:09.780025 nspr-3   WARNING [COM]: aRC=NS_ERROR_FAILURE (0x80004005) aIID={dbe11e5f-7f10-46e7-94c4-1e95bf4b6627} aComponent={HostWrap} aText={VirtualBox is not currently allowed to access USB devices.  You can change this by adding your user to the 'vboxusers' group.  Please see the user manual for a more detailed explanation}, preserve=true  aResultDetail=0
00:09:09.780318 nspr-7   Saving settings file "/home/mogwai/VirtualBox/deb/deb.vbox" with version "1.16-linux"
00:09:09.854967 nspr-6   WARNING [COM]: aRC=NS_ERROR_FAILURE (0x80004005) aIID={dbe11e5f-7f10-46e7-94c4-1e95bf4b6627} aComponent={HostWrap} aText={VirtualBox is not currently allowed to access USB devices.  You can change this by adding your user to the 'vboxusers' group.  Please see the user manual for a more detailed explanation}, preserve=true  aResultDetail=0
00:09:09.855951 nspr-3   WARNING [COM]: aRC=NS_ERROR_FAILURE (0x80004005) aIID={dbe11e5f-7f10-46e7-94c4-1e95bf4b6627} aComponent={HostWrap} aText={VirtualBox is not currently allowed to access USB devices.  You can change this by adding your user to the 'vboxusers' group.  Please see the user manual for a more detailed explanation}, preserve=true  aResultDetail=0
00:09:11.453481 nspr-2   WARNING [COM]: aRC=NS_ERROR_FAILURE (0x80004005) aIID={dbe11e5f-7f10-46e7-94c4-1e95bf4b6627} aComponent={HostWrap} aText={VirtualBox is not currently allowed to access USB devices.  You can change this by adding your user to the 'vboxusers' group.  Please see the user manual for a more detailed explanation}, preserve=true  aResultDetail=0
00:09:11.455304 nspr-2   WARNING [COM]: aRC=NS_ERROR_FAILURE (0x80004005) aIID={dbe11e5f-7f10-46e7-94c4-1e95bf4b6627} aComponent={HostWrap} aText={VirtualBox is not currently allowed to access USB devices.  You can change this by adding your user to the 'vboxusers' group.  Please see the user manual for a more detailed explanation}, preserve=true  aResultDetail=0
00:09:11.623019 nspr-2   WARNING [COM]: aRC=NS_ERROR_FAILURE (0x80004005) aIID={dbe11e5f-7f10-46e7-94c4-1e95bf4b6627} aComponent={HostWrap} aText={VirtualBox is not currently allowed to access USB devices.  You can change this by adding your user to the 'vboxusers' group.  Please see the user manual for a more detailed explanation}, preserve=true  aResultDetail=0
00:09:11.624753 nspr-7   WARNING [COM]: aRC=NS_ERROR_FAILURE (0x80004005) aIID={dbe11e5f-7f10-46e7-94c4-1e95bf4b6627} aComponent={HostWrap} aText={VirtualBox is not currently allowed to access USB devices.  You can change this by adding your user to the 'vboxusers' group.  Please see the user manual for a more detailed explanation}, preserve=true  aResultDetail=0
00:09:11.812540 nspr-5   WARNING [COM]: aRC=NS_ERROR_FAILURE (0x80004005) aIID={dbe11e5f-7f10-46e7-94c4-1e95bf4b6627} aComponent={HostWrap} aText={VirtualBox is not currently allowed to access USB devices.  You can change this by adding your user to the 'vboxusers' group.  Please see the user manual for a more detailed explanation}, preserve=true  aResultDetail=0
00:09:11.813260 nspr-7   WARNING [COM]: aRC=NS_ERROR_FAILURE (0x80004005) aIID={dbe11e5f-7f10-46e7-94c4-1e95bf4b6627} aComponent={HostWrap} aText={VirtualBox is not currently allowed to access USB devices.  You can change this by adding your user to the 'vboxusers' group.  Please see the user manual for a more detailed explanation}, preserve=true  aResultDetail=0
00:09:11.813551 nspr-7   ERROR [COM]: aRC=VBOX_E_OBJECT_NOT_FOUND (0x80bb0001) aIID={70401eef-c8e9-466b-9660-45cb3e9979e4} aComponent={ExtPackManagerWrap} aText={No extension pack by the name 'Oracle VM VirtualBox Extension Pack' was found}, preserve=false aResultDetail=0
00:09:11.861989 nspr-7   WARNING [COM]: aRC=NS_ERROR_FAILURE (0x80004005) aIID={dbe11e5f-7f10-46e7-94c4-1e95bf4b6627} aComponent={HostWrap} aText={VirtualBox is not currently allowed to access USB devices.  You can change this by adding your user to the 'vboxusers' group.  Please see the user manual for a more detailed explanation}, preserve=true  aResultDetail=0
00:09:11.862645 nspr-5   WARNING [COM]: aRC=NS_ERROR_FAILURE (0x80004005) aIID={dbe11e5f-7f10-46e7-94c4-1e95bf4b6627} aComponent={HostWrap} aText={VirtualBox is not currently allowed to access USB devices.  You can change this by adding your user to the 'vboxusers' group.  Please see the user manual for a more detailed explanation}, preserve=true  aResultDetail=0
00:09:11.879985 nspr-8   ERROR [COM]: aRC=VBOX_E_IPRT_ERROR (0x80bb0005) aIID={5047460a-265d-4538-b23e-ddba5fb84976} aComponent={SessionMachine} aText={Saved screenshot data is not available (VERR_NOT_SUPPORTED)}, preserve=false aResultDetail=-37
00:09:11.908527 nspr-5   NetIfAdpCtlOut: VBoxNetAdpCtl: Error while retrieving link speed for wlp4s0: VBoxNetAdpCtl: ioctl failed: Operation not supported
00:09:11.981211 nspr-4   WARNING [COM]: aRC=NS_ERROR_FAILURE (0x80004005) aIID={dbe11e5f-7f10-46e7-94c4-1e95bf4b6627} aComponent={HostWrap} aText={VirtualBox is not currently allowed to access USB devices.  You can change this by adding your user to the 'vboxusers' group.  Please see the user manual for a more detailed explanation}, preserve=true  aResultDetail=0
00:09:12.081033 nspr-2   WARNING [COM]: aRC=NS_ERROR_FAILURE (0x80004005) aIID={dbe11e5f-7f10-46e7-94c4-1e95bf4b6627} aComponent={HostWrap} aText={VirtualBox is not currently allowed to access USB devices.  You can change this by adding your user to the 'vboxusers' group.  Please see the user manual for a more detailed explanation}, preserve=true  aResultDetail=0
00:09:12.084515 nspr-4   WARNING [COM]: aRC=NS_ERROR_FAILURE (0x80004005) aIID={dbe11e5f-7f10-46e7-94c4-1e95bf4b6627} aComponent={HostWrap} aText={VirtualBox is not currently allowed to access USB devices.  You can change this by adding your user to the 'vboxusers' group.  Please see the user manual for a more detailed explanation}, preserve=true  aResultDetail=0
00:09:12.868927 nspr-4   WARNING [COM]: aRC=NS_ERROR_FAILURE (0x80004005) aIID={dbe11e5f-7f10-46e7-94c4-1e95bf4b6627} aComponent={HostWrap} aText={VirtualBox is not currently allowed to access USB devices.  You can change this by adding your user to the 'vboxusers' group.  Please see the user manual for a more detailed explanation}, preserve=true  aResultDetail=0
00:09:12.869927 nspr-4   WARNING [COM]: aRC=NS_ERROR_FAILURE (0x80004005) aIID={dbe11e5f-7f10-46e7-94c4-1e95bf4b6627} aComponent={HostWrap} aText={VirtualBox is not currently allowed to access USB devices.  You can change this by adding your user to the 'vboxusers' group.  Please see the user manual for a more detailed explanation}, preserve=true  aResultDetail=0
00:11:23.396630 nspr-2   Saving settings file "/home/mogwai/VirtualBox/deb/deb.vbox" with version "1.16-linux"
00:11:23.468576 nspr-7   WARNING [COM]: aRC=NS_ERROR_FAILURE (0x80004005) aIID={dbe11e5f-7f10-46e7-94c4-1e95bf4b6627} aComponent={HostWrap} aText={VirtualBox is not currently allowed to access USB devices.  You can change this by adding your user to the 'vboxusers' group.  Please see the user manual for a more detailed explanation}, preserve=true  aResultDetail=0
00:11:23.469283 nspr-7   WARNING [COM]: aRC=NS_ERROR_FAILURE (0x80004005) aIID={dbe11e5f-7f10-46e7-94c4-1e95bf4b6627} aComponent={HostWrap} aText={VirtualBox is not currently allowed to access USB devices.  You can change this by adding your user to the 'vboxusers' group.  Please see the user manual for a more detailed explanation}, preserve=true  aResultDetail=0
00:11:31.828320 nspr-2   Saving settings file "/home/mogwai/VirtualBox/deb/deb.vbox" with version "1.16-linux"
00:11:31.907163 nspr-4   WARNING [COM]: aRC=NS_ERROR_FAILURE (0x80004005) aIID={dbe11e5f-7f10-46e7-94c4-1e95bf4b6627} aComponent={HostWrap} aText={VirtualBox is not currently allowed to access USB devices.  You can change this by adding your user to the 'vboxusers' group.  Please see the user manual for a more detailed explanation}, preserve=true  aResultDetail=0
00:11:31.908167 nspr-4   WARNING [COM]: aRC=NS_ERROR_FAILURE (0x80004005) aIID={dbe11e5f-7f10-46e7-94c4-1e95bf4b6627} aComponent={HostWrap} aText={VirtualBox is not currently allowed to access USB devices.  You can change this by adding your user to the 'vboxusers' group.  Please see the user manual for a more detailed explanation}, preserve=true  aResultDetail=0
00:20:32.231217 nspr-3   WARNING [COM]: aRC=NS_ERROR_FAILURE (0x80004005) aIID={dbe11e5f-7f10-46e7-94c4-1e95bf4b6627} aComponent={HostWrap} aText={VirtualBox is not currently allowed to access USB devices.  You can change this by adding your user to the 'vboxusers' group.  Please see the user manual for a more detailed explanation}, preserve=true  aResultDetail=0
00:20:32.232176 nspr-3   WARNING [COM]: aRC=NS_ERROR_FAILURE (0x80004005) aIID={dbe11e5f-7f10-46e7-94c4-1e95bf4b6627} aComponent={HostWrap} aText={VirtualBox is not currently allowed to access USB devices.  You can change this by adding your user to the 'vboxusers' group.  Please see the user manual for a more detailed explanation}, preserve=true  aResultDetail=0
00:20:34.584028 nspr-2   WARNING [COM]: aRC=NS_ERROR_FAILURE (0x80004005) aIID={dbe11e5f-7f10-46e7-94c4-1e95bf4b6627} aComponent={HostWrap} aText={VirtualBox is not currently allowed to access USB devices.  You can change this by adding your user to the 'vboxusers' group.  Please see the user manual for a more detailed explanation}, preserve=true  aResultDetail=0
00:20:34.585153 nspr-6   WARNING [COM]: aRC=NS_ERROR_FAILURE (0x80004005) aIID={dbe11e5f-7f10-46e7-94c4-1e95bf4b6627} aComponent={HostWrap} aText={VirtualBox is not currently allowed to access USB devices.  You can change this by adding your user to the 'vboxusers' group.  Please see the user manual for a more detailed explanation}, preserve=true  aResultDetail=0
00:20:56.776598 nspr-4   WARNING [COM]: aRC=NS_ERROR_FAILURE (0x80004005) aIID={dbe11e5f-7f10-46e7-94c4-1e95bf4b6627} aComponent={HostWrap} aText={VirtualBox is not currently allowed to access USB devices.  You can change this by adding your user to the 'vboxusers' group.  Please see the user manual for a more detailed explanation}, preserve=true  aResultDetail=0
00:20:56.777462 nspr-4   WARNING [COM]: aRC=NS_ERROR_FAILURE (0x80004005) aIID={dbe11e5f-7f10-46e7-94c4-1e95bf4b6627} aComponent={HostWrap} aText={VirtualBox is not currently allowed to access USB devices.  You can change this by adding your user to the 'vboxusers' group.  Please see the user manual for a more detailed explanation}, preserve=true  aResultDetail=0
00:20:59.698023 nspr-6   Saving settings file "/home/mogwai/VirtualBox/deb/deb.vbox" with version "1.16-linux"
00:20:59.766680 nspr-7   WARNING [COM]: aRC=NS_ERROR_FAILURE (0x80004005) aIID={dbe11e5f-7f10-46e7-94c4-1e95bf4b6627} aComponent={HostWrap} aText={VirtualBox is not currently allowed to access USB devices.  You can change this by adding your user to the 'vboxusers' group.  Please see the user manual for a more detailed explanation}, preserve=true  aResultDetail=0
00:20:59.767353 nspr-4   WARNING [COM]: aRC=NS_ERROR_FAILURE (0x80004005) aIID={dbe11e5f-7f10-46e7-94c4-1e95bf4b6627} aComponent={HostWrap} aText={VirtualBox is not currently allowed to access USB devices.  You can change this by adding your user to the 'vboxusers' group.  Please see the user manual for a more detailed explanation}, preserve=true  aResultDetail=0
00:20:59.784795 nspr-4   Saving settings file "/home/mogwai/VirtualBox/deb/deb.vbox" with version "1.16-linux"
00:20:59.812152 nspr-8   WARNING [COM]: aRC=NS_ERROR_FAILURE (0x80004005) aIID={dbe11e5f-7f10-46e7-94c4-1e95bf4b6627} aComponent={HostWrap} aText={VirtualBox is not currently allowed to access USB devices.  You can change this by adding your user to the 'vboxusers' group.  Please see the user manual for a more detailed explanation}, preserve=true  aResultDetail=0
00:20:59.812960 nspr-4   WARNING [COM]: aRC=NS_ERROR_FAILURE (0x80004005) aIID={dbe11e5f-7f10-46e7-94c4-1e95bf4b6627} aComponent={HostWrap} aText={VirtualBox is not currently allowed to access USB devices.  You can change this by adding your user to the 'vboxusers' group.  Please see the user manual for a more detailed explanation}, preserve=true  aResultDetail=0
00:21:00.432546 nspr-3   Saving settings file "/home/mogwai/VirtualBox/deb/deb.vbox" with version "1.16-linux"
00:21:00.527468 nspr-3   WARNING [COM]: aRC=NS_ERROR_FAILURE (0x80004005) aIID={dbe11e5f-7f10-46e7-94c4-1e95bf4b6627} aComponent={HostWrap} aText={VirtualBox is not currently allowed to access USB devices.  You can change this by adding your user to the 'vboxusers' group.  Please see the user manual for a more detailed explanation}, preserve=true  aResultDetail=0
00:21:00.528528 nspr-3   WARNING [COM]: aRC=NS_ERROR_FAILURE (0x80004005) aIID={dbe11e5f-7f10-46e7-94c4-1e95bf4b6627} aComponent={HostWrap} aText={VirtualBox is not currently allowed to access USB devices.  You can change this by adding your user to the 'vboxusers' group.  Please see the user manual for a more detailed explanation}, preserve=true  aResultDetail=0
00:21:00.900994 nspr-5   WARNING [COM]: aRC=NS_ERROR_FAILURE (0x80004005) aIID={dbe11e5f-7f10-46e7-94c4-1e95bf4b6627} aComponent={HostWrap} aText={VirtualBox is not currently allowed to access USB devices.  You can change this by adding your user to the 'vboxusers' group.  Please see the user manual for a more detailed explanation}, preserve=true  aResultDetail=0
00:21:00.905128 nspr-5   WARNING [COM]: aRC=NS_ERROR_FAILURE (0x80004005) aIID={dbe11e5f-7f10-46e7-94c4-1e95bf4b6627} aComponent={HostWrap} aText={VirtualBox is not currently allowed to access USB devices.  You can change this by adding your user to the 'vboxusers' group.  Please see the user manual for a more detailed explanation}, preserve=true  aResultDetail=0
00:21:04.949263 nspr-6   Saving settings file "/home/mogwai/.config/VirtualBox/VirtualBox.xml" with version "1.12-linux"
00:21:05.469028 nspr-5   WARNING [COM]: aRC=NS_ERROR_FAILURE (0x80004005) aIID={dbe11e5f-7f10-46e7-94c4-1e95bf4b6627} aComponent={HostWrap} aText={VirtualBox is not currently allowed to access USB devices.  You can change this by adding your user to the 'vboxusers' group.  Please see the user manual for a more detailed explanation}, preserve=true  aResultDetail=0
00:21:05.471154 nspr-5   ERROR [COM]: aRC=E_ACCESSDENIED (0x80070005) aIID={ad47ad09-787b-44ab-b343-a082a3f2dfb1} aComponent={MediumWrap} aText={The object is not ready}, preserve=false aResultDetail=0
00:21:05.475657 nspr-8   WARNING [COM]: aRC=NS_ERROR_FAILURE (0x80004005) aIID={dbe11e5f-7f10-46e7-94c4-1e95bf4b6627} aComponent={HostWrap} aText={VirtualBox is not currently allowed to access USB devices.  You can change this by adding your user to the 'vboxusers' group.  Please see the user manual for a more detailed explanation}, preserve=true  aResultDetail=0
00:21:05.510407 nspr-8   WARNING [COM]: aRC=NS_ERROR_FAILURE (0x80004005) aIID={dbe11e5f-7f10-46e7-94c4-1e95bf4b6627} aComponent={HostWrap} aText={VirtualBox is not currently allowed to access USB devices.  You can change this by adding your user to the 'vboxusers' group.  Please see the user manual for a more detailed explanation}, preserve=true  aResultDetail=0
00:21:05.511463 nspr-5   WARNING [COM]: aRC=NS_ERROR_FAILURE (0x80004005) aIID={dbe11e5f-7f10-46e7-94c4-1e95bf4b6627} aComponent={HostWrap} aText={VirtualBox is not currently allowed to access USB devices.  You can change this by adding your user to the 'vboxusers' group.  Please see the user manual for a more detailed explanation}, preserve=true  aResultDetail=0
00:21:16.523183 nspr-3   Saving settings file "/home/mogwai/.config/VirtualBox/VirtualBox.xml" with version "1.12-linux"
00:21:16.533190 nspr-2   Saving settings file "/home/mogwai/.config/VirtualBox/VirtualBox.xml" with version "1.12-linux"
00:21:16.538483 nspr-3   Saving settings file "/home/mogwai/.config/VirtualBox/VirtualBox.xml" with version "1.12-linux"
00:21:22.055032 main     VirtualBox: object deletion starts
00:21:22.055124 main     ERROR [COM]: aRC=VBOX_E_OBJECT_IN_USE (0x80bb000c) aIID={ad47ad09-787b-44ab-b343-a082a3f2dfb1} aComponent={MediumWrap} aText={Medium '/home/mogwai/VirtualBox/TempleOS/TempleOS.vdi' cannot be closed because it is still attached to 1 virtual machines}, preserve=false aResultDetail=0
00:21:22.055490 main     ERROR [COM]: aRC=VBOX_E_OBJECT_IN_USE (0x80bb000c) aIID={ad47ad09-787b-44ab-b343-a082a3f2dfb1} aComponent={MediumWrap} aText={Medium '/home/mogwai/VirtualBox/Skylab/Skylab.vmdk' cannot be closed because it is still attached to 1 virtual machines}, preserve=false aResultDetail=0
00:21:22.055534 main     ERROR [COM]: aRC=VBOX_E_OBJECT_IN_USE (0x80bb000c) aIID={ad47ad09-787b-44ab-b343-a082a3f2dfb1} aComponent={MediumWrap} aText={Medium '/home/mogwai/VirtualBox/Skylab/NewVirtualDisk1.vdi' cannot be closed because it is still attached to 1 virtual machines}, preserve=false aResultDetail=0
00:21:22.055784 main     ERROR [COM]: aRC=VBOX_E_OBJECT_IN_USE (0x80bb000c) aIID={ad47ad09-787b-44ab-b343-a082a3f2dfb1} aComponent={MediumWrap} aText={Medium '/home/mogwai/VirtualBox/Skylab Clone/Skylab Clone.vmdk' cannot be closed because it is still attached to 1 virtual machines}, preserve=false aResultDetail=0
00:21:22.055828 main     ERROR [COM]: aRC=VBOX_E_OBJECT_IN_USE (0x80bb000c) aIID={ad47ad09-787b-44ab-b343-a082a3f2dfb1} aComponent={MediumWrap} aText={Medium '/home/mogwai/VirtualBox/Skylab Clone/Skylab Clone-disk1.vdi' cannot be closed because it is still attached to 1 virtual machines}, preserve=false aResultDetail=0
00:21:22.056067 main     ERROR [COM]: aRC=VBOX_E_OBJECT_IN_USE (0x80bb000c) aIID={ad47ad09-787b-44ab-b343-a082a3f2dfb1} aComponent={MediumWrap} aText={Medium '/home/mogwai/VirtualBox/Arch/Arch.vdi' cannot be closed because it is still attached to 1 virtual machines}, preserve=false aResultDetail=0
00:21:22.313202 Watcher  ERROR [COM]: aRC=E_ACCESSDENIED (0x80070005) aIID={d0a0163f-e254-4e5b-a1f2-011cf991c38d} aComponent={VirtualBoxWrap} aText={The object is not ready}, preserve=false aResultDetail=0
00:21:27.057065 main     {00007feb38019430} HostPowerServiceLinux::~HostPowerServiceLinux: RTThreadWait() for 5000 ms failed with VERR_TIMEOUT
00:21:27.058537 main     VirtualBox: object deleted
